<?xml version="1.0" encoding="UTF-8"?>
<testExecutions version="1">
  <file path="/Users/danielvalenzuelasuarez/Documents/Desarrollo/Softcrum/common/eslint-config/rules/base.spec.js">
    <testCase name="Test - Rules base Test 01 - File" duration="3"/>
    <testCase name="Test - Rules base Test 02 - ParserOptions" duration="1"/>
    <testCase name="Test - Rules base Test 03 - Plugins" duration="1"/>
    <testCase name="Test - Rules base Test 04 - Rules" duration="1"/>
  </file>
  <file path="/Users/danielvalenzuelasuarez/Documents/Desarrollo/Softcrum/common/eslint-config/index.spec.js">
    <testCase name="Test - Rules index Test 01 - File" duration="1"/>
    <testCase name="Test - Rules index Test 02 - Extends" duration="1"/>
    <testCase name="Test - Rules index Test 03 - Rules" duration="5"/>
  </file>
</testExecutions>